[    4529ms] [ERROR] Failed to load resource: net::ERR_TUNNEL_CONNECTION_FAILED @ https://www.googleadservices.com/pagead/conversion/16521530460/?gad_source=1&adview_type=1&adview_pf=1&adview_query_id=CN23vp3tg5MDFYohRAgdU9k3ZA:0
[    4869ms] [ERROR] Failed to load resource: net::ERR_TUNNEL_CONNECTION_FAILED @ https://www.googleadservices.com/pagead/conversion/16521530460/?gad_source=1&adview_type=1&adview_pf=1&adview_query_id=CN23vp3tg5MDFYohRAgdU9k3ZA:0
[   22378ms] [WARNING] DEPRECATION NOTICE: "controller:invites-show" is deprecated, use "controller:invites.show" instead [deprecation id: discourse.resolver-resolutions] @ https://linux.do/assets/chunk.56ed217874e7b4577feb.d41d8cd9.js:133
[   22399ms] [WARNING] DEPRECATION NOTICE: Accessing `site.mobileView` or `site.desktopView` during the site initialization can lead to errors and inconsistencies when the browser window is resized. Please move these checks to a component, transformer, or API callback that executes during page rendering. [deprecated since Discourse 3.5.0.beta9-dev] [deprecation id: discourse.static-viewport-initialization] [info: https://meta.discourse.org/t/367810] @ https://linux.do/assets/chunk.56ed217874e7b4577feb.d41d8cd9.js:133
[   22693ms] [ERROR] Failed to load resource: the server responded with a status of 403 () @ https://linux.do/session/passkey/challenge.json:0
[   22693ms] [ERROR] {jqXHR: Object, textStatus: error, errorThrown: } @ https://linux.do/assets/chunk.56ed217874e7b4577feb.d41d8cd9.js:120
[   25875ms] [ERROR] Failed to load resource: the server responded with a status of 401 () @ https://challenges.cloudflare.com/cdn-cgi/challenge-platform/h/g/pat/9d690c0f0f252ef6/1772545165474/4d0f950d97ec1a6503704ad250ec7d58f7eb4de6a598dfe1cdd6cab9ba026738/vqoSnwSZcv1iXh2:0
[   25921ms] [ERROR]  Note that 'script-src' was not explicitly set, so 'default-src' is used as a fallback. @ https://challenges.cloudflare.com/cdn-cgi/challenge-platform/h/g/turnstile/f/ov2/av0/rch/3uwav/0x4AAAAAAAc2BQjPEms9tKlM/auto/fbE/new/normal?lang=auto:0
[   26363ms] [ERROR] %c%d font-size:0;color:transparent NaN @ https://challenges.cloudflare.com/cdn-cgi/challenge-platform/h/g/turnstile/f/ov2/av0/rch/3uwav/0x4AAAAAAAc2BQjPEms9tKlM/auto/fbE/new/normal?lang=auto:0
[   26363ms] [ERROR] %c%d font-size:0;color:transparent NaN @ https://challenges.cloudflare.com/cdn-cgi/challenge-platform/h/g/turnstile/f/ov2/av0/rch/3uwav/0x4AAAAAAAc2BQjPEms9tKlM/auto/fbE/new/normal?lang=auto:0
[   26363ms] [WARNING] %c%d font-size:0;color:transparent NaN @ https://challenges.cloudflare.com/cdn-cgi/challenge-platform/h/g/turnstile/f/ov2/av0/rch/3uwav/0x4AAAAAAAc2BQjPEms9tKlM/auto/fbE/new/normal?lang=auto:0
[   26363ms] [WARNING] %c%d font-size:0;color:transparent NaN @ https://challenges.cloudflare.com/cdn-cgi/challenge-platform/h/g/turnstile/f/ov2/av0/rch/3uwav/0x4AAAAAAAc2BQjPEms9tKlM/auto/fbE/new/normal?lang=auto:0
[   26453ms] [ERROR] Not signed in with the identity provider. @ https://linux.do/login:0
[   28059ms] [ERROR] [GSI_LOGGER]: FedCM get() rejects with NetworkError: Error retrieving a token. @ https://accounts.google.com/gsi/client:81
[   28237ms] [ERROR] Access to XMLHttpRequest at 'https://ping.linux.do/message-bus/5c1dce049ce24978ae28eff3b371c7bd/poll' from origin 'https://linux.do' has been blocked by CORS policy: Request header field discourse-track-view-deferred is not allowed by Access-Control-Allow-Headers in preflight response. @ https://linux.do/login:0
[   28238ms] [ERROR] Failed to load resource: net::ERR_FAILED @ https://ping.linux.do/message-bus/5c1dce049ce24978ae28eff3b371c7bd/poll:0
[   30719ms] [WARNING] The resource https://challenges.cloudflare.com/cdn-cgi/challenge-platform/h/g/cmg/1 was preloaded using link preload but not used within a few seconds from the window's load event. Please make sure it has an appropriate `as` value and it is preloaded intentionally. @ https://challenges.cloudflare.com/cdn-cgi/challenge-platform/h/g/turnstile/f/ov2/av0/rch/3uwav/0x4AAAAAAAc2BQjPEms9tKlM/auto/fbE/new/normal?lang=auto:0
[  318761ms] [ERROR]  Note that 'script-src' was not explicitly set, so 'default-src' is used as a fallback. @ https://challenges.cloudflare.com/cdn-cgi/challenge-platform/h/g/turnstile/f/ov2/av0/rch/3uwav/0x4AAAAAAAc2BQjPEms9tKlM/auto/fbE/auto_expire/normal?lang=auto:0
[  319133ms] [ERROR] %c%d font-size:0;color:transparent NaN @ https://challenges.cloudflare.com/cdn-cgi/challenge-platform/h/g/turnstile/f/ov2/av0/rch/3uwav/0x4AAAAAAAc2BQjPEms9tKlM/auto/fbE/auto_expire/normal?lang=auto:0
[  319133ms] [ERROR] %c%d font-size:0;color:transparent NaN @ https://challenges.cloudflare.com/cdn-cgi/challenge-platform/h/g/turnstile/f/ov2/av0/rch/3uwav/0x4AAAAAAAc2BQjPEms9tKlM/auto/fbE/auto_expire/normal?lang=auto:0
[  319134ms] [WARNING] %c%d font-size:0;color:transparent NaN @ https://challenges.cloudflare.com/cdn-cgi/challenge-platform/h/g/turnstile/f/ov2/av0/rch/3uwav/0x4AAAAAAAc2BQjPEms9tKlM/auto/fbE/auto_expire/normal?lang=auto:0
[  319134ms] [WARNING] %c%d font-size:0;color:transparent NaN @ https://challenges.cloudflare.com/cdn-cgi/challenge-platform/h/g/turnstile/f/ov2/av0/rch/3uwav/0x4AAAAAAAc2BQjPEms9tKlM/auto/fbE/auto_expire/normal?lang=auto:0
[  319399ms] [ERROR] Failed to load resource: the server responded with a status of 401 () @ https://challenges.cloudflare.com/cdn-cgi/challenge-platform/h/g/pat/9d6913393a672ef6/1772545458559/7197cab4aee6f40a1a1292449b8eac5fc12c38ba2aa2bce93f1bc10b9279e082/yP8cGS_YZ5klOO8:0
[  323156ms] [WARNING] The resource https://challenges.cloudflare.com/cdn-cgi/challenge-platform/h/g/cmg/1 was preloaded using link preload but not used within a few seconds from the window's load event. Please make sure it has an appropriate `as` value and it is preloaded intentionally. @ https://challenges.cloudflare.com/cdn-cgi/challenge-platform/h/g/turnstile/f/ov2/av0/rch/3uwav/0x4AAAAAAAc2BQjPEms9tKlM/auto/fbE/auto_expire/normal?lang=auto:0
[  611129ms] [ERROR]  Note that 'script-src' was not explicitly set, so 'default-src' is used as a fallback. @ https://challenges.cloudflare.com/cdn-cgi/challenge-platform/h/g/turnstile/f/ov2/av0/rch/3uwav/0x4AAAAAAAc2BQjPEms9tKlM/auto/fbE/auto_expire/normal?lang=auto:0
[  611562ms] [ERROR] %c%d font-size:0;color:transparent NaN @ https://challenges.cloudflare.com/cdn-cgi/challenge-platform/h/g/turnstile/f/ov2/av0/rch/3uwav/0x4AAAAAAAc2BQjPEms9tKlM/auto/fbE/auto_expire/normal?lang=auto:0
[  611562ms] [ERROR] %c%d font-size:0;color:transparent NaN @ https://challenges.cloudflare.com/cdn-cgi/challenge-platform/h/g/turnstile/f/ov2/av0/rch/3uwav/0x4AAAAAAAc2BQjPEms9tKlM/auto/fbE/auto_expire/normal?lang=auto:0
[  611562ms] [WARNING] %c%d font-size:0;color:transparent NaN @ https://challenges.cloudflare.com/cdn-cgi/challenge-platform/h/g/turnstile/f/ov2/av0/rch/3uwav/0x4AAAAAAAc2BQjPEms9tKlM/auto/fbE/auto_expire/normal?lang=auto:0
[  611563ms] [WARNING] %c%d font-size:0;color:transparent NaN @ https://challenges.cloudflare.com/cdn-cgi/challenge-platform/h/g/turnstile/f/ov2/av0/rch/3uwav/0x4AAAAAAAc2BQjPEms9tKlM/auto/fbE/auto_expire/normal?lang=auto:0
[  611802ms] [ERROR] Failed to load resource: the server responded with a status of 401 () @ https://challenges.cloudflare.com/cdn-cgi/challenge-platform/h/g/pat/9d691a5d18932ef6/1772545751011/45e9e2fea8a9e23eb7511fd414adc9f415360d38a5df51ebb24b84e3d2e4e9fc/_2s9vHVgHG56pKj:0
[  615550ms] [WARNING] The resource https://challenges.cloudflare.com/cdn-cgi/challenge-platform/h/g/cmg/1 was preloaded using link preload but not used within a few seconds from the window's load event. Please make sure it has an appropriate `as` value and it is preloaded intentionally. @ https://challenges.cloudflare.com/cdn-cgi/challenge-platform/h/g/turnstile/f/ov2/av0/rch/3uwav/0x4AAAAAAAc2BQjPEms9tKlM/auto/fbE/auto_expire/normal?lang=auto:0
[  903846ms] [ERROR]  Note that 'script-src' was not explicitly set, so 'default-src' is used as a fallback. @ https://challenges.cloudflare.com/cdn-cgi/challenge-platform/h/g/turnstile/f/ov2/av0/rch/3uwav/0x4AAAAAAAc2BQjPEms9tKlM/auto/fbE/auto_expire/normal?lang=auto:0
[  904192ms] [ERROR] Failed to load resource: the server responded with a status of 401 () @ https://challenges.cloudflare.com/cdn-cgi/challenge-platform/h/g/pat/9d6921806d732ef6/1772546043564/8a3a1d8ee4a9031ea1bbe8ef3f8faeeab225089021b16f4311941cf6ad1016e3/4n_iShMqQZ2rjZc:0
[  904218ms] [ERROR] %c%d font-size:0;color:transparent NaN @ https://challenges.cloudflare.com/cdn-cgi/challenge-platform/h/g/turnstile/f/ov2/av0/rch/3uwav/0x4AAAAAAAc2BQjPEms9tKlM/auto/fbE/auto_expire/normal?lang=auto:0
[  904218ms] [ERROR] %c%d font-size:0;color:transparent NaN @ https://challenges.cloudflare.com/cdn-cgi/challenge-platform/h/g/turnstile/f/ov2/av0/rch/3uwav/0x4AAAAAAAc2BQjPEms9tKlM/auto/fbE/auto_expire/normal?lang=auto:0
[  904219ms] [WARNING] %c%d font-size:0;color:transparent NaN @ https://challenges.cloudflare.com/cdn-cgi/challenge-platform/h/g/turnstile/f/ov2/av0/rch/3uwav/0x4AAAAAAAc2BQjPEms9tKlM/auto/fbE/auto_expire/normal?lang=auto:0
[  904219ms] [WARNING] %c%d font-size:0;color:transparent NaN @ https://challenges.cloudflare.com/cdn-cgi/challenge-platform/h/g/turnstile/f/ov2/av0/rch/3uwav/0x4AAAAAAAc2BQjPEms9tKlM/auto/fbE/auto_expire/normal?lang=auto:0
[  908955ms] [WARNING] The resource https://challenges.cloudflare.com/cdn-cgi/challenge-platform/h/g/cmg/1 was preloaded using link preload but not used within a few seconds from the window's load event. Please make sure it has an appropriate `as` value and it is preloaded intentionally. @ https://challenges.cloudflare.com/cdn-cgi/challenge-platform/h/g/turnstile/f/ov2/av0/rch/3uwav/0x4AAAAAAAc2BQjPEms9tKlM/auto/fbE/auto_expire/normal?lang=auto:0
[ 1196918ms] [ERROR] %c%d font-size:0;color:transparent NaN @ https://challenges.cloudflare.com/cdn-cgi/challenge-platform/h/g/turnstile/f/ov2/av0/rch/3uwav/0x4AAAAAAAc2BQjPEms9tKlM/auto/fbE/auto_expire/normal?lang=auto:0
[ 1196918ms] [ERROR] %c%d font-size:0;color:transparent NaN @ https://challenges.cloudflare.com/cdn-cgi/challenge-platform/h/g/turnstile/f/ov2/av0/rch/3uwav/0x4AAAAAAAc2BQjPEms9tKlM/auto/fbE/auto_expire/normal?lang=auto:0
[ 1196918ms] [WARNING] %c%d font-size:0;color:transparent NaN @ https://challenges.cloudflare.com/cdn-cgi/challenge-platform/h/g/turnstile/f/ov2/av0/rch/3uwav/0x4AAAAAAAc2BQjPEms9tKlM/auto/fbE/auto_expire/normal?lang=auto:0
[ 1196919ms] [WARNING] %c%d font-size:0;color:transparent NaN @ https://challenges.cloudflare.com/cdn-cgi/challenge-platform/h/g/turnstile/f/ov2/av0/rch/3uwav/0x4AAAAAAAc2BQjPEms9tKlM/auto/fbE/auto_expire/normal?lang=auto:0
[ 1197181ms] [ERROR]  Note that 'script-src' was not explicitly set, so 'default-src' is used as a fallback. @ https://challenges.cloudflare.com/cdn-cgi/challenge-platform/h/g/turnstile/f/ov2/av0/rch/3uwav/0x4AAAAAAAc2BQjPEms9tKlM/auto/fbE/auto_expire/normal?lang=auto:0
[ 1197490ms] [ERROR] Failed to load resource: the server responded with a status of 401 () @ https://challenges.cloudflare.com/cdn-cgi/challenge-platform/h/g/pat/9d6928aa38812ef6/1772546336792/cd3d2454d2493bc100c2ba5a1e23ab63cdac398ff6e1edd9e7ac6c621de97e81/Y65XDL9WQa6obIN:0
[ 1201454ms] [WARNING] The resource https://challenges.cloudflare.com/cdn-cgi/challenge-platform/h/g/cmg/1 was preloaded using link preload but not used within a few seconds from the window's load event. Please make sure it has an appropriate `as` value and it is preloaded intentionally. @ https://challenges.cloudflare.com/cdn-cgi/challenge-platform/h/g/turnstile/f/ov2/av0/rch/3uwav/0x4AAAAAAAc2BQjPEms9tKlM/auto/fbE/auto_expire/normal?lang=auto:0
[ 1489595ms] [ERROR]  Note that 'script-src' was not explicitly set, so 'default-src' is used as a fallback. @ https://challenges.cloudflare.com/cdn-cgi/challenge-platform/h/g/turnstile/f/ov2/av0/rch/3uwav/0x4AAAAAAAc2BQjPEms9tKlM/auto/fbE/auto_expire/normal?lang=auto:0
[ 1489784ms] [ERROR] %c%d font-size:0;color:transparent NaN @ https://challenges.cloudflare.com/cdn-cgi/challenge-platform/h/g/turnstile/f/ov2/av0/rch/3uwav/0x4AAAAAAAc2BQjPEms9tKlM/auto/fbE/auto_expire/normal?lang=auto:0
[ 1489784ms] [ERROR] %c%d font-size:0;color:transparent NaN @ https://challenges.cloudflare.com/cdn-cgi/challenge-platform/h/g/turnstile/f/ov2/av0/rch/3uwav/0x4AAAAAAAc2BQjPEms9tKlM/auto/fbE/auto_expire/normal?lang=auto:0
[ 1489784ms] [WARNING] %c%d font-size:0;color:transparent NaN @ https://challenges.cloudflare.com/cdn-cgi/challenge-platform/h/g/turnstile/f/ov2/av0/rch/3uwav/0x4AAAAAAAc2BQjPEms9tKlM/auto/fbE/auto_expire/normal?lang=auto:0
[ 1489784ms] [WARNING] %c%d font-size:0;color:transparent NaN @ https://challenges.cloudflare.com/cdn-cgi/challenge-platform/h/g/turnstile/f/ov2/av0/rch/3uwav/0x4AAAAAAAc2BQjPEms9tKlM/auto/fbE/auto_expire/normal?lang=auto:0
[ 1489999ms] [ERROR] Failed to load resource: the server responded with a status of 401 () @ https://challenges.cloudflare.com/cdn-cgi/challenge-platform/h/g/pat/9d692fce58392ef6/1772546629292/9c5f850caa5a2f86f660fbb1e0b5db6ad8f721a7176a778c53e0ef92b5332403/QCxc6n7AdSSseG6:0
[ 1493731ms] [WARNING] The resource https://challenges.cloudflare.com/cdn-cgi/challenge-platform/h/g/cmg/1 was preloaded using link preload but not used within a few seconds from the window's load event. Please make sure it has an appropriate `as` value and it is preloaded intentionally. @ https://challenges.cloudflare.com/cdn-cgi/challenge-platform/h/g/turnstile/f/ov2/av0/rch/3uwav/0x4AAAAAAAc2BQjPEms9tKlM/auto/fbE/auto_expire/normal?lang=auto:0
[ 1783107ms] [ERROR] Failed to load resource: the server responded with a status of 401 () @ https://challenges.cloudflare.com/cdn-cgi/challenge-platform/h/g/pat/9d6936f5789f2590/1772546922608/07cebed61cb0504977f31c9b340e7e52d145e023511c98e048b6620d18f32a5a/9wvghzi-wq-gbAH:0
[ 1783151ms] [ERROR] %c%d font-size:0;color:transparent NaN @ https://challenges.cloudflare.com/cdn-cgi/challenge-platform/h/g/turnstile/f/ov2/av0/rch/3uwav/0x4AAAAAAAc2BQjPEms9tKlM/auto/fbE/auto_expire/normal?lang=auto:0
[ 1783151ms] [ERROR] %c%d font-size:0;color:transparent NaN @ https://challenges.cloudflare.com/cdn-cgi/challenge-platform/h/g/turnstile/f/ov2/av0/rch/3uwav/0x4AAAAAAAc2BQjPEms9tKlM/auto/fbE/auto_expire/normal?lang=auto:0
[ 1783152ms] [WARNING] %c%d font-size:0;color:transparent NaN @ https://challenges.cloudflare.com/cdn-cgi/challenge-platform/h/g/turnstile/f/ov2/av0/rch/3uwav/0x4AAAAAAAc2BQjPEms9tKlM/auto/fbE/auto_expire/normal?lang=auto:0
[ 1783152ms] [WARNING] %c%d font-size:0;color:transparent NaN @ https://challenges.cloudflare.com/cdn-cgi/challenge-platform/h/g/turnstile/f/ov2/av0/rch/3uwav/0x4AAAAAAAc2BQjPEms9tKlM/auto/fbE/auto_expire/normal?lang=auto:0
[ 1783168ms] [ERROR]  Note that 'script-src' was not explicitly set, so 'default-src' is used as a fallback. @ https://challenges.cloudflare.com/cdn-cgi/challenge-platform/h/g/turnstile/f/ov2/av0/rch/3uwav/0x4AAAAAAAc2BQjPEms9tKlM/auto/fbE/auto_expire/normal?lang=auto:0
[ 1787189ms] [WARNING] The resource https://challenges.cloudflare.com/cdn-cgi/challenge-platform/h/g/cmg/1 was preloaded using link preload but not used within a few seconds from the window's load event. Please make sure it has an appropriate `as` value and it is preloaded intentionally. @ https://challenges.cloudflare.com/cdn-cgi/challenge-platform/h/g/turnstile/f/ov2/av0/rch/3uwav/0x4AAAAAAAc2BQjPEms9tKlM/auto/fbE/auto_expire/normal?lang=auto:0
[ 2075446ms] [ERROR]  Note that 'script-src' was not explicitly set, so 'default-src' is used as a fallback. @ https://challenges.cloudflare.com/cdn-cgi/challenge-platform/h/g/turnstile/f/ov2/av0/rch/3uwav/0x4AAAAAAAc2BQjPEms9tKlM/auto/fbE/auto_expire/normal?lang=auto:0
[ 2075581ms] [ERROR] %c%d font-size:0;color:transparent NaN @ https://challenges.cloudflare.com/cdn-cgi/challenge-platform/h/g/turnstile/f/ov2/av0/rch/3uwav/0x4AAAAAAAc2BQjPEms9tKlM/auto/fbE/auto_expire/normal?lang=auto:0
[ 2075581ms] [ERROR] %c%d font-size:0;color:transparent NaN @ https://challenges.cloudflare.com/cdn-cgi/challenge-platform/h/g/turnstile/f/ov2/av0/rch/3uwav/0x4AAAAAAAc2BQjPEms9tKlM/auto/fbE/auto_expire/normal?lang=auto:0
[ 2075582ms] [WARNING] %c%d font-size:0;color:transparent NaN @ https://challenges.cloudflare.com/cdn-cgi/challenge-platform/h/g/turnstile/f/ov2/av0/rch/3uwav/0x4AAAAAAAc2BQjPEms9tKlM/auto/fbE/auto_expire/normal?lang=auto:0
[ 2075582ms] [WARNING] %c%d font-size:0;color:transparent NaN @ https://challenges.cloudflare.com/cdn-cgi/challenge-platform/h/g/turnstile/f/ov2/av0/rch/3uwav/0x4AAAAAAAc2BQjPEms9tKlM/auto/fbE/auto_expire/normal?lang=auto:0
[ 2075901ms] [ERROR] Failed to load resource: the server responded with a status of 401 () @ https://challenges.cloudflare.com/cdn-cgi/challenge-platform/h/g/pat/9d693e1b2ac42590/1772547215102/280a6256cd96174f03aa644e8e9fbcca003d89ea6a6b024eb3c45eaf48e934e9/HEIanKTyP9xrgCn:0
[ 2080241ms] [WARNING] The resource https://challenges.cloudflare.com/cdn-cgi/challenge-platform/h/g/cmg/1 was preloaded using link preload but not used within a few seconds from the window's load event. Please make sure it has an appropriate `as` value and it is preloaded intentionally. @ https://challenges.cloudflare.com/cdn-cgi/challenge-platform/h/g/turnstile/f/ov2/av0/rch/3uwav/0x4AAAAAAAc2BQjPEms9tKlM/auto/fbE/auto_expire/normal?lang=auto:0
[ 2368529ms] [ERROR] Failed to load resource: the server responded with a status of 401 () @ https://challenges.cloudflare.com/cdn-cgi/challenge-platform/h/g/pat/9d694542ec9a2590/1772547508075/96230b24b36a49677d31675c89d92d87c45169a7ede1898b0e7dc4b26a57c734/eT4xJEpZP3ZsmPe:0
[ 2368542ms] [ERROR]  Note that 'script-src' was not explicitly set, so 'default-src' is used as a fallback. @ https://challenges.cloudflare.com/cdn-cgi/challenge-platform/h/g/turnstile/f/ov2/av0/rch/3uwav/0x4AAAAAAAc2BQjPEms9tKlM/auto/fbE/auto_expire/normal?lang=auto:0
[ 2369017ms] [ERROR] %c%d font-size:0;color:transparent NaN @ https://challenges.cloudflare.com/cdn-cgi/challenge-platform/h/g/turnstile/f/ov2/av0/rch/3uwav/0x4AAAAAAAc2BQjPEms9tKlM/auto/fbE/auto_expire/normal?lang=auto:0
[ 2369017ms] [ERROR] %c%d font-size:0;color:transparent NaN @ https://challenges.cloudflare.com/cdn-cgi/challenge-platform/h/g/turnstile/f/ov2/av0/rch/3uwav/0x4AAAAAAAc2BQjPEms9tKlM/auto/fbE/auto_expire/normal?lang=auto:0
[ 2369018ms] [WARNING] %c%d font-size:0;color:transparent NaN @ https://challenges.cloudflare.com/cdn-cgi/challenge-platform/h/g/turnstile/f/ov2/av0/rch/3uwav/0x4AAAAAAAc2BQjPEms9tKlM/auto/fbE/auto_expire/normal?lang=auto:0
[ 2369018ms] [WARNING] %c%d font-size:0;color:transparent NaN @ https://challenges.cloudflare.com/cdn-cgi/challenge-platform/h/g/turnstile/f/ov2/av0/rch/3uwav/0x4AAAAAAAc2BQjPEms9tKlM/auto/fbE/auto_expire/normal?lang=auto:0
[ 2372802ms] [WARNING] The resource https://challenges.cloudflare.com/cdn-cgi/challenge-platform/h/g/cmg/1 was preloaded using link preload but not used within a few seconds from the window's load event. Please make sure it has an appropriate `as` value and it is preloaded intentionally. @ https://challenges.cloudflare.com/cdn-cgi/challenge-platform/h/g/turnstile/f/ov2/av0/rch/3uwav/0x4AAAAAAAc2BQjPEms9tKlM/auto/fbE/auto_expire/normal?lang=auto:0
[ 2660932ms] [ERROR] Failed to load resource: the server responded with a status of 401 () @ https://challenges.cloudflare.com/cdn-cgi/challenge-platform/h/g/pat/9d694c675ebc2590/1772547800657/be70389e327cb231a51255b8f73f9fdd22cfb93472c3077a1f4ad774cc0089b2/6qYpDi73-7g4by-:0
[ 2661206ms] [ERROR] %c%d font-size:0;color:transparent NaN @ https://challenges.cloudflare.com/cdn-cgi/challenge-platform/h/g/turnstile/f/ov2/av0/rch/3uwav/0x4AAAAAAAc2BQjPEms9tKlM/auto/fbE/auto_expire/normal?lang=auto:0
[ 2661206ms] [ERROR] %c%d font-size:0;color:transparent NaN @ https://challenges.cloudflare.com/cdn-cgi/challenge-platform/h/g/turnstile/f/ov2/av0/rch/3uwav/0x4AAAAAAAc2BQjPEms9tKlM/auto/fbE/auto_expire/normal?lang=auto:0
[ 2661206ms] [WARNING] %c%d font-size:0;color:transparent NaN @ https://challenges.cloudflare.com/cdn-cgi/challenge-platform/h/g/turnstile/f/ov2/av0/rch/3uwav/0x4AAAAAAAc2BQjPEms9tKlM/auto/fbE/auto_expire/normal?lang=auto:0
[ 2661206ms] [WARNING] %c%d font-size:0;color:transparent NaN @ https://challenges.cloudflare.com/cdn-cgi/challenge-platform/h/g/turnstile/f/ov2/av0/rch/3uwav/0x4AAAAAAAc2BQjPEms9tKlM/auto/fbE/auto_expire/normal?lang=auto:0
[ 2661229ms] [ERROR]  Note that 'script-src' was not explicitly set, so 'default-src' is used as a fallback. @ https://challenges.cloudflare.com/cdn-cgi/challenge-platform/h/g/turnstile/f/ov2/av0/rch/3uwav/0x4AAAAAAAc2BQjPEms9tKlM/auto/fbE/auto_expire/normal?lang=auto:0
[ 2665294ms] [WARNING] The resource https://challenges.cloudflare.com/cdn-cgi/challenge-platform/h/g/cmg/1 was preloaded using link preload but not used within a few seconds from the window's load event. Please make sure it has an appropriate `as` value and it is preloaded intentionally. @ https://challenges.cloudflare.com/cdn-cgi/challenge-platform/h/g/turnstile/f/ov2/av0/rch/3uwav/0x4AAAAAAAc2BQjPEms9tKlM/auto/fbE/auto_expire/normal?lang=auto:0
[ 2953530ms] [ERROR] %c%d font-size:0;color:transparent NaN @ https://challenges.cloudflare.com/cdn-cgi/challenge-platform/h/g/turnstile/f/ov2/av0/rch/3uwav/0x4AAAAAAAc2BQjPEms9tKlM/auto/fbE/auto_expire/normal?lang=auto:0
[ 2953531ms] [ERROR] %c%d font-size:0;color:transparent NaN @ https://challenges.cloudflare.com/cdn-cgi/challenge-platform/h/g/turnstile/f/ov2/av0/rch/3uwav/0x4AAAAAAAc2BQjPEms9tKlM/auto/fbE/auto_expire/normal?lang=auto:0
[ 2953532ms] [WARNING] %c%d font-size:0;color:transparent NaN @ https://challenges.cloudflare.com/cdn-cgi/challenge-platform/h/g/turnstile/f/ov2/av0/rch/3uwav/0x4AAAAAAAc2BQjPEms9tKlM/auto/fbE/auto_expire/normal?lang=auto:0
[ 2953532ms] [WARNING] %c%d font-size:0;color:transparent NaN @ https://challenges.cloudflare.com/cdn-cgi/challenge-platform/h/g/turnstile/f/ov2/av0/rch/3uwav/0x4AAAAAAAc2BQjPEms9tKlM/auto/fbE/auto_expire/normal?lang=auto:0
[ 2953921ms] [ERROR] Failed to load resource: the server responded with a status of 401 () @ https://challenges.cloudflare.com/cdn-cgi/challenge-platform/h/g/pat/9d69538b5c2c2590/1772548093174/76b00e6662f786814a0cbf54b7dbd6ab0b857b09e39313de22c7df1c3c896acd/KGjX7CAXeBixxd-:0
[ 2953928ms] [ERROR]  Note that 'script-src' was not explicitly set, so 'default-src' is used as a fallback. @ https://challenges.cloudflare.com/cdn-cgi/challenge-platform/h/g/turnstile/f/ov2/av0/rch/3uwav/0x4AAAAAAAc2BQjPEms9tKlM/auto/fbE/auto_expire/normal?lang=auto:0
[ 2958516ms] [WARNING] The resource https://challenges.cloudflare.com/cdn-cgi/challenge-platform/h/g/cmg/1 was preloaded using link preload but not used within a few seconds from the window's load event. Please make sure it has an appropriate `as` value and it is preloaded intentionally. @ https://challenges.cloudflare.com/cdn-cgi/challenge-platform/h/g/turnstile/f/ov2/av0/rch/3uwav/0x4AAAAAAAc2BQjPEms9tKlM/auto/fbE/auto_expire/normal?lang=auto:0
[ 3246758ms] [ERROR]  Note that 'script-src' was not explicitly set, so 'default-src' is used as a fallback. @ https://challenges.cloudflare.com/cdn-cgi/challenge-platform/h/g/turnstile/f/ov2/av0/rch/3uwav/0x4AAAAAAAc2BQjPEms9tKlM/auto/fbE/auto_expire/normal?lang=auto:0
[ 3246884ms] [ERROR] %c%d font-size:0;color:transparent NaN @ https://challenges.cloudflare.com/cdn-cgi/challenge-platform/h/g/turnstile/f/ov2/av0/rch/3uwav/0x4AAAAAAAc2BQjPEms9tKlM/auto/fbE/auto_expire/normal?lang=auto:0
[ 3246884ms] [ERROR] %c%d font-size:0;color:transparent NaN @ https://challenges.cloudflare.com/cdn-cgi/challenge-platform/h/g/turnstile/f/ov2/av0/rch/3uwav/0x4AAAAAAAc2BQjPEms9tKlM/auto/fbE/auto_expire/normal?lang=auto:0
[ 3246887ms] [WARNING] %c%d font-size:0;color:transparent NaN @ https://challenges.cloudflare.com/cdn-cgi/challenge-platform/h/g/turnstile/f/ov2/av0/rch/3uwav/0x4AAAAAAAc2BQjPEms9tKlM/auto/fbE/auto_expire/normal?lang=auto:0
[ 3246887ms] [WARNING] %c%d font-size:0;color:transparent NaN @ https://challenges.cloudflare.com/cdn-cgi/challenge-platform/h/g/turnstile/f/ov2/av0/rch/3uwav/0x4AAAAAAAc2BQjPEms9tKlM/auto/fbE/auto_expire/normal?lang=auto:0
[ 3247112ms] [ERROR] Failed to load resource: the server responded with a status of 401 () @ https://challenges.cloudflare.com/cdn-cgi/challenge-platform/h/g/pat/9d695ab3fc982590/1772548386612/144d5ddd9c7533e38b95d5ab3e917df15a5acc46f065a38548a3bb0d00d23abe/Jz8MAi56yX09JiA:0
[ 3251568ms] [WARNING] The resource https://challenges.cloudflare.com/cdn-cgi/challenge-platform/h/g/cmg/1 was preloaded using link preload but not used within a few seconds from the window's load event. Please make sure it has an appropriate `as` value and it is preloaded intentionally. @ https://challenges.cloudflare.com/cdn-cgi/challenge-platform/h/g/turnstile/f/ov2/av0/rch/3uwav/0x4AAAAAAAc2BQjPEms9tKlM/auto/fbE/auto_expire/normal?lang=auto:0
[ 3539879ms] [ERROR] Failed to load resource: the server responded with a status of 401 () @ https://challenges.cloudflare.com/cdn-cgi/challenge-platform/h/g/pat/9d6961db8eae2590/1772548679617/49e4aed9e21485a4f8199b15c7f7b99e572b9e2e3883dc06e87fe1a14006c28a/pZ3zlcupOCTXRHB:0
[ 3539896ms] [ERROR] %c%d font-size:0;color:transparent NaN @ https://challenges.cloudflare.com/cdn-cgi/challenge-platform/h/g/turnstile/f/ov2/av0/rch/3uwav/0x4AAAAAAAc2BQjPEms9tKlM/auto/fbE/auto_expire/normal?lang=auto:0
[ 3539896ms] [ERROR] %c%d font-size:0;color:transparent NaN @ https://challenges.cloudflare.com/cdn-cgi/challenge-platform/h/g/turnstile/f/ov2/av0/rch/3uwav/0x4AAAAAAAc2BQjPEms9tKlM/auto/fbE/auto_expire/normal?lang=auto:0
[ 3539897ms] [WARNING] %c%d font-size:0;color:transparent NaN @ https://challenges.cloudflare.com/cdn-cgi/challenge-platform/h/g/turnstile/f/ov2/av0/rch/3uwav/0x4AAAAAAAc2BQjPEms9tKlM/auto/fbE/auto_expire/normal?lang=auto:0
[ 3539897ms] [WARNING] %c%d font-size:0;color:transparent NaN @ https://challenges.cloudflare.com/cdn-cgi/challenge-platform/h/g/turnstile/f/ov2/av0/rch/3uwav/0x4AAAAAAAc2BQjPEms9tKlM/auto/fbE/auto_expire/normal?lang=auto:0
[ 3540308ms] [ERROR]  Note that 'script-src' was not explicitly set, so 'default-src' is used as a fallback. @ https://challenges.cloudflare.com/cdn-cgi/challenge-platform/h/g/turnstile/f/ov2/av0/rch/3uwav/0x4AAAAAAAc2BQjPEms9tKlM/auto/fbE/auto_expire/normal?lang=auto:0
[ 3544810ms] [WARNING] The resource https://challenges.cloudflare.com/cdn-cgi/challenge-platform/h/g/cmg/1 was preloaded using link preload but not used within a few seconds from the window's load event. Please make sure it has an appropriate `as` value and it is preloaded intentionally. @ https://challenges.cloudflare.com/cdn-cgi/challenge-platform/h/g/turnstile/f/ov2/av0/rch/3uwav/0x4AAAAAAAc2BQjPEms9tKlM/auto/fbE/auto_expire/normal?lang=auto:0
[ 3832721ms] [ERROR]  Note that 'script-src' was not explicitly set, so 'default-src' is used as a fallback. @ https://challenges.cloudflare.com/cdn-cgi/challenge-platform/h/g/turnstile/f/ov2/av0/rch/3uwav/0x4AAAAAAAc2BQjPEms9tKlM/auto/fbE/auto_expire/normal?lang=auto:0
[ 3833091ms] [ERROR] Failed to load resource: the server responded with a status of 401 () @ https://challenges.cloudflare.com/cdn-cgi/challenge-platform/h/g/pat/9d69690449bd2590/1772548972630/63e75f8ba41bccdbc740e6c9f694123edaf733996d1392d6f07c5454985ee35d/ostTCW-oKy812Xd:0
[ 3833355ms] [ERROR] %c%d font-size:0;color:transparent NaN @ https://challenges.cloudflare.com/cdn-cgi/challenge-platform/h/g/turnstile/f/ov2/av0/rch/3uwav/0x4AAAAAAAc2BQjPEms9tKlM/auto/fbE/auto_expire/normal?lang=auto:0
[ 3833355ms] [ERROR] %c%d font-size:0;color:transparent NaN @ https://challenges.cloudflare.com/cdn-cgi/challenge-platform/h/g/turnstile/f/ov2/av0/rch/3uwav/0x4AAAAAAAc2BQjPEms9tKlM/auto/fbE/auto_expire/normal?lang=auto:0
[ 3833356ms] [WARNING] %c%d font-size:0;color:transparent NaN @ https://challenges.cloudflare.com/cdn-cgi/challenge-platform/h/g/turnstile/f/ov2/av0/rch/3uwav/0x4AAAAAAAc2BQjPEms9tKlM/auto/fbE/auto_expire/normal?lang=auto:0
[ 3833357ms] [WARNING] %c%d font-size:0;color:transparent NaN @ https://challenges.cloudflare.com/cdn-cgi/challenge-platform/h/g/turnstile/f/ov2/av0/rch/3uwav/0x4AAAAAAAc2BQjPEms9tKlM/auto/fbE/auto_expire/normal?lang=auto:0
[ 3837930ms] [WARNING] The resource https://challenges.cloudflare.com/cdn-cgi/challenge-platform/h/g/cmg/1 was preloaded using link preload but not used within a few seconds from the window's load event. Please make sure it has an appropriate `as` value and it is preloaded intentionally. @ https://challenges.cloudflare.com/cdn-cgi/challenge-platform/h/g/turnstile/f/ov2/av0/rch/3uwav/0x4AAAAAAAc2BQjPEms9tKlM/auto/fbE/auto_expire/normal?lang=auto:0
[ 4126250ms] [ERROR] %c%d font-size:0;color:transparent NaN @ https://challenges.cloudflare.com/cdn-cgi/challenge-platform/h/g/turnstile/f/ov2/av0/rch/3uwav/0x4AAAAAAAc2BQjPEms9tKlM/auto/fbE/auto_expire/normal?lang=auto:0
[ 4126250ms] [ERROR] %c%d font-size:0;color:transparent NaN @ https://challenges.cloudflare.com/cdn-cgi/challenge-platform/h/g/turnstile/f/ov2/av0/rch/3uwav/0x4AAAAAAAc2BQjPEms9tKlM/auto/fbE/auto_expire/normal?lang=auto:0
[ 4126250ms] [WARNING] %c%d font-size:0;color:transparent NaN @ https://challenges.cloudflare.com/cdn-cgi/challenge-platform/h/g/turnstile/f/ov2/av0/rch/3uwav/0x4AAAAAAAc2BQjPEms9tKlM/auto/fbE/auto_expire/normal?lang=auto:0
[ 4126250ms] [WARNING] %c%d font-size:0;color:transparent NaN @ https://challenges.cloudflare.com/cdn-cgi/challenge-platform/h/g/turnstile/f/ov2/av0/rch/3uwav/0x4AAAAAAAc2BQjPEms9tKlM/auto/fbE/auto_expire/normal?lang=auto:0
[ 4126561ms] [ERROR] Failed to load resource: the server responded with a status of 401 () @ https://challenges.cloudflare.com/cdn-cgi/challenge-platform/h/g/pat/9d69702c5e9f2590/1772549265745/ea7b3a4bda5007e8e94bcd28665e0018d650586b1cbb4298c1266fa2c443dcbc/zFp-odhlv7khM_0:0
[ 4126567ms] [ERROR]  Note that 'script-src' was not explicitly set, so 'default-src' is used as a fallback. @ https://challenges.cloudflare.com/cdn-cgi/challenge-platform/h/g/turnstile/f/ov2/av0/rch/3uwav/0x4AAAAAAAc2BQjPEms9tKlM/auto/fbE/auto_expire/normal?lang=auto:0
[ 4130467ms] [WARNING] The resource https://challenges.cloudflare.com/cdn-cgi/challenge-platform/h/g/cmg/1 was preloaded using link preload but not used within a few seconds from the window's load event. Please make sure it has an appropriate `as` value and it is preloaded intentionally. @ https://challenges.cloudflare.com/cdn-cgi/challenge-platform/h/g/turnstile/f/ov2/av0/rch/3uwav/0x4AAAAAAAc2BQjPEms9tKlM/auto/fbE/auto_expire/normal?lang=auto:0
[ 4418554ms] [ERROR] %c%d font-size:0;color:transparent NaN @ https://challenges.cloudflare.com/cdn-cgi/challenge-platform/h/g/turnstile/f/ov2/av0/rch/3uwav/0x4AAAAAAAc2BQjPEms9tKlM/auto/fbE/auto_expire/normal?lang=auto:0
[ 4418555ms] [ERROR] %c%d font-size:0;color:transparent NaN @ https://challenges.cloudflare.com/cdn-cgi/challenge-platform/h/g/turnstile/f/ov2/av0/rch/3uwav/0x4AAAAAAAc2BQjPEms9tKlM/auto/fbE/auto_expire/normal?lang=auto:0
[ 4418555ms] [WARNING] %c%d font-size:0;color:transparent NaN @ https://challenges.cloudflare.com/cdn-cgi/challenge-platform/h/g/turnstile/f/ov2/av0/rch/3uwav/0x4AAAAAAAc2BQjPEms9tKlM/auto/fbE/auto_expire/normal?lang=auto:0
[ 4418555ms] [WARNING] %c%d font-size:0;color:transparent NaN @ https://challenges.cloudflare.com/cdn-cgi/challenge-platform/h/g/turnstile/f/ov2/av0/rch/3uwav/0x4AAAAAAAc2BQjPEms9tKlM/auto/fbE/auto_expire/normal?lang=auto:0
[ 4418794ms] [ERROR] Failed to load resource: the server responded with a status of 401 () @ https://challenges.cloudflare.com/cdn-cgi/challenge-platform/h/g/pat/9d697750adfc2590/1772549558284/f29e82dfe1d5b23dbef13454b738c88db4d3c6d63269d7f22cf149e375d18ec4/hhpflSGn5ApRYEp:0
[ 4418865ms] [ERROR]  Note that 'script-src' was not explicitly set, so 'default-src' is used as a fallback. @ https://challenges.cloudflare.com/cdn-cgi/challenge-platform/h/g/turnstile/f/ov2/av0/rch/3uwav/0x4AAAAAAAc2BQjPEms9tKlM/auto/fbE/auto_expire/normal?lang=auto:0
[ 4423523ms] [WARNING] The resource https://challenges.cloudflare.com/cdn-cgi/challenge-platform/h/g/cmg/1 was preloaded using link preload but not used within a few seconds from the window's load event. Please make sure it has an appropriate `as` value and it is preloaded intentionally. @ https://challenges.cloudflare.com/cdn-cgi/challenge-platform/h/g/turnstile/f/ov2/av0/rch/3uwav/0x4AAAAAAAc2BQjPEms9tKlM/auto/fbE/auto_expire/normal?lang=auto:0
[ 4711693ms] [ERROR]  Note that 'script-src' was not explicitly set, so 'default-src' is used as a fallback. @ https://challenges.cloudflare.com/cdn-cgi/challenge-platform/h/g/turnstile/f/ov2/av0/rch/3uwav/0x4AAAAAAAc2BQjPEms9tKlM/auto/fbE/auto_expire/normal?lang=auto:0
[ 4712357ms] [ERROR] Failed to load resource: the server responded with a status of 401 () @ https://challenges.cloudflare.com/cdn-cgi/challenge-platform/h/g/pat/9d697e784c2b2590/1772549851412/e3aa3c3ecddc88183862d0c48d6d3ee122af6898e1851231128a0fa767052dde/BWcbMcfstwZcSgh:0
[ 4712364ms] [ERROR] %c%d font-size:0;color:transparent NaN @ https://challenges.cloudflare.com/cdn-cgi/challenge-platform/h/g/turnstile/f/ov2/av0/rch/3uwav/0x4AAAAAAAc2BQjPEms9tKlM/auto/fbE/auto_expire/normal?lang=auto:0
[ 4712364ms] [ERROR] %c%d font-size:0;color:transparent NaN @ https://challenges.cloudflare.com/cdn-cgi/challenge-platform/h/g/turnstile/f/ov2/av0/rch/3uwav/0x4AAAAAAAc2BQjPEms9tKlM/auto/fbE/auto_expire/normal?lang=auto:0
[ 4712365ms] [WARNING] %c%d font-size:0;color:transparent NaN @ https://challenges.cloudflare.com/cdn-cgi/challenge-platform/h/g/turnstile/f/ov2/av0/rch/3uwav/0x4AAAAAAAc2BQjPEms9tKlM/auto/fbE/auto_expire/normal?lang=auto:0
[ 4712365ms] [WARNING] %c%d font-size:0;color:transparent NaN @ https://challenges.cloudflare.com/cdn-cgi/challenge-platform/h/g/turnstile/f/ov2/av0/rch/3uwav/0x4AAAAAAAc2BQjPEms9tKlM/auto/fbE/auto_expire/normal?lang=auto:0
[ 4716152ms] [WARNING] The resource https://challenges.cloudflare.com/cdn-cgi/challenge-platform/h/g/cmg/1 was preloaded using link preload but not used within a few seconds from the window's load event. Please make sure it has an appropriate `as` value and it is preloaded intentionally. @ https://challenges.cloudflare.com/cdn-cgi/challenge-platform/h/g/turnstile/f/ov2/av0/rch/3uwav/0x4AAAAAAAc2BQjPEms9tKlM/auto/fbE/auto_expire/normal?lang=auto:0
